2020-06-22 17:38:54,655 WARN  [SoapUI] Missing folder [C:\Users\PoojaChintha\Desktop\RESTProject\my-app\ext] for external libraries
2020-06-22 17:38:54,927 INFO  [DefaultSoapUICore] initialized soapui-settings from [C:\Users\PoojaChintha\soapui-settings.xml]
2020-06-22 17:38:59,333 INFO  [PluginManager] Adding plugin from [C:\Users\PoojaChintha\.soapuios\plugins\ready-mqtt-plugin-dist.jar]
2020-06-22 17:38:59,333 INFO  [PluginManager] Adding plugin from [C:\Users\PoojaChintha\.soapuios\plugins\soapui-swagger-plugin-2.2-dist.jar]
2020-06-22 17:39:00,499 ERROR [SoapUI] An error occurred [com.eviware.soapui.plugins.auto.factories.AutoImportMethodFactory], see error log for details
2020-06-22 17:39:00,501 ERROR [errorlog] java.lang.ClassNotFoundException: com.eviware.soapui.plugins.auto.factories.AutoImportMethodFactory
java.lang.ClassNotFoundException: com.eviware.soapui.plugins.auto.factories.AutoImportMethodFactory
	at org.codehaus.plexus.classworlds.strategy.SelfFirstStrategy.loadClass(SelfFirstStrategy.java:50)
	at org.codehaus.plexus.classworlds.realm.ClassRealm.unsynchronizedLoadClass(ClassRealm.java:271)
	at org.codehaus.plexus.classworlds.realm.ClassRealm.loadClass(ClassRealm.java:247)
	at org.codehaus.plexus.classworlds.realm.ClassRealm.loadClass(ClassRealm.java:239)
	at java.lang.Class.forName0(Native Method)
	at java.lang.Class.forName(Class.java:264)
	at com.eviware.soapui.plugins.LoaderBase.loadAutoFactories(LoaderBase.java:113)
	at com.eviware.soapui.plugins.LoaderBase.loadFactories(LoaderBase.java:80)
	at com.eviware.soapui.plugins.PluginLoader.loadPluginFactories(PluginLoader.java:141)
	at com.eviware.soapui.plugins.PluginLoader.loadPlugin(PluginLoader.java:104)
	at com.eviware.soapui.plugins.PluginLoader.loadPlugin(PluginLoader.java:54)
	at com.eviware.soapui.plugins.PluginManager.doInstallPlugin(PluginManager.java:141)
	at com.eviware.soapui.plugins.PluginManager.access$600(PluginManager.java:43)
	at com.eviware.soapui.plugins.PluginManager$LoadPluginsTask.computeSequentially(PluginManager.java:420)
	at com.eviware.soapui.plugins.PluginManager$LoadPluginsTask.compute(PluginManager.java:377)
	at com.eviware.soapui.plugins.PluginManager$LoadPluginsTask.compute(PluginManager.java:382)
	at com.eviware.soapui.plugins.PluginManager$LoadPluginsTask.compute(PluginManager.java:365)
	at java.util.concurrent.RecursiveTask.exec(RecursiveTask.java:94)
	at java.util.concurrent.ForkJoinTask.doExec(ForkJoinTask.java:289)
	at java.util.concurrent.ForkJoinPool$WorkQueue.runTask(ForkJoinPool.java:1056)
	at java.util.concurrent.ForkJoinPool.runWorker(ForkJoinPool.java:1692)
	at java.util.concurrent.ForkJoinWorkerThread.run(ForkJoinWorkerThread.java:157)
2020-06-22 17:39:00,623 ERROR [SoapUI] An error occurred [com.eviware.soapui.plugins.auto.factories.AutoDiscoveryMethodFactory], see error log for details
2020-06-22 17:39:00,624 ERROR [errorlog] java.lang.ClassNotFoundException: com.eviware.soapui.plugins.auto.factories.AutoDiscoveryMethodFactory
java.lang.ClassNotFoundException: com.eviware.soapui.plugins.auto.factories.AutoDiscoveryMethodFactory
	at org.codehaus.plexus.classworlds.strategy.SelfFirstStrategy.loadClass(SelfFirstStrategy.java:50)
	at org.codehaus.plexus.classworlds.realm.ClassRealm.unsynchronizedLoadClass(ClassRealm.java:271)
	at org.codehaus.plexus.classworlds.realm.ClassRealm.loadClass(ClassRealm.java:247)
	at org.codehaus.plexus.classworlds.realm.ClassRealm.loadClass(ClassRealm.java:239)
	at java.lang.Class.forName0(Native Method)
	at java.lang.Class.forName(Class.java:264)
	at com.eviware.soapui.plugins.LoaderBase.loadAutoFactories(LoaderBase.java:113)
	at com.eviware.soapui.plugins.LoaderBase.loadFactories(LoaderBase.java:80)
	at com.eviware.soapui.plugins.PluginLoader.loadPluginFactories(PluginLoader.java:141)
	at com.eviware.soapui.plugins.PluginLoader.loadPlugin(PluginLoader.java:104)
	at com.eviware.soapui.plugins.PluginLoader.loadPlugin(PluginLoader.java:54)
	at com.eviware.soapui.plugins.PluginManager.doInstallPlugin(PluginManager.java:141)
	at com.eviware.soapui.plugins.PluginManager.access$600(PluginManager.java:43)
	at com.eviware.soapui.plugins.PluginManager$LoadPluginsTask.computeSequentially(PluginManager.java:420)
	at com.eviware.soapui.plugins.PluginManager$LoadPluginsTask.compute(PluginManager.java:377)
	at com.eviware.soapui.plugins.PluginManager$LoadPluginsTask.compute(PluginManager.java:382)
	at com.eviware.soapui.plugins.PluginManager$LoadPluginsTask.compute(PluginManager.java:365)
	at java.util.concurrent.RecursiveTask.exec(RecursiveTask.java:94)
	at java.util.concurrent.ForkJoinTask.doExec(ForkJoinTask.java:289)
	at java.util.concurrent.ForkJoinPool$WorkQueue.runTask(ForkJoinPool.java:1056)
	at java.util.concurrent.ForkJoinPool.runWorker(ForkJoinPool.java:1692)
	at java.util.concurrent.ForkJoinWorkerThread.run(ForkJoinWorkerThread.java:157)
2020-06-22 17:39:00,767 INFO  [PluginManager] Adding plugin from [C:\Users\PoojaChintha\.soapuios\plugins\ready-uxm-plugin-1.0.1-dist.jar]
2020-06-22 17:39:00,793 ERROR [SoapUI] An error occurred [com.eviware.soapui.plugins.auto.factories.AutoImportMethodFactory], see error log for details
2020-06-22 17:39:00,795 ERROR [errorlog] java.lang.ClassNotFoundException: com.eviware.soapui.plugins.auto.factories.AutoImportMethodFactory
java.lang.ClassNotFoundException: com.eviware.soapui.plugins.auto.factories.AutoImportMethodFactory
	at org.codehaus.plexus.classworlds.strategy.SelfFirstStrategy.loadClass(SelfFirstStrategy.java:50)
	at org.codehaus.plexus.classworlds.realm.ClassRealm.unsynchronizedLoadClass(ClassRealm.java:271)
	at org.codehaus.plexus.classworlds.realm.ClassRealm.loadClass(ClassRealm.java:247)
	at org.codehaus.plexus.classworlds.realm.ClassRealm.loadClass(ClassRealm.java:239)
	at java.lang.Class.forName0(Native Method)
	at java.lang.Class.forName(Class.java:264)
	at com.eviware.soapui.plugins.LoaderBase.loadAutoFactories(LoaderBase.java:113)
	at com.eviware.soapui.plugins.LoaderBase.loadFactories(LoaderBase.java:80)
	at com.eviware.soapui.plugins.PluginLoader.loadPluginFactories(PluginLoader.java:141)
	at com.eviware.soapui.plugins.PluginLoader.loadPlugin(PluginLoader.java:104)
	at com.eviware.soapui.plugins.PluginLoader.loadPlugin(PluginLoader.java:54)
	at com.eviware.soapui.plugins.PluginManager.doInstallPlugin(PluginManager.java:141)
	at com.eviware.soapui.plugins.PluginManager.access$600(PluginManager.java:43)
	at com.eviware.soapui.plugins.PluginManager$LoadPluginsTask.computeSequentially(PluginManager.java:420)
	at com.eviware.soapui.plugins.PluginManager$LoadPluginsTask.compute(PluginManager.java:377)
	at com.eviware.soapui.plugins.PluginManager$LoadPluginsTask.compute(PluginManager.java:365)
	at java.util.concurrent.RecursiveTask.exec(RecursiveTask.java:94)
	at java.util.concurrent.ForkJoinTask.doExec(ForkJoinTask.java:289)
	at java.util.concurrent.ForkJoinPool$WorkQueue.runTask(ForkJoinPool.java:1056)
	at java.util.concurrent.ForkJoinPool.runWorker(ForkJoinPool.java:1692)
	at java.util.concurrent.ForkJoinWorkerThread.run(ForkJoinWorkerThread.java:157)
2020-06-22 17:39:00,903 ERROR [SoapUI] An error occurred [com.eviware.soapui.plugins.auto.factories.AutoDiscoveryMethodFactory], see error log for details
2020-06-22 17:39:00,907 ERROR [errorlog] java.lang.ClassNotFoundException: com.eviware.soapui.plugins.auto.factories.AutoDiscoveryMethodFactory
java.lang.ClassNotFoundException: com.eviware.soapui.plugins.auto.factories.AutoDiscoveryMethodFactory
	at org.codehaus.plexus.classworlds.strategy.SelfFirstStrategy.loadClass(SelfFirstStrategy.java:50)
	at org.codehaus.plexus.classworlds.realm.ClassRealm.unsynchronizedLoadClass(ClassRealm.java:271)
	at org.codehaus.plexus.classworlds.realm.ClassRealm.loadClass(ClassRealm.java:247)
	at org.codehaus.plexus.classworlds.realm.ClassRealm.loadClass(ClassRealm.java:239)
	at java.lang.Class.forName0(Native Method)
	at java.lang.Class.forName(Class.java:264)
	at com.eviware.soapui.plugins.LoaderBase.loadAutoFactories(LoaderBase.java:113)
	at com.eviware.soapui.plugins.LoaderBase.loadFactories(LoaderBase.java:80)
	at com.eviware.soapui.plugins.PluginLoader.loadPluginFactories(PluginLoader.java:141)
	at com.eviware.soapui.plugins.PluginLoader.loadPlugin(PluginLoader.java:104)
	at com.eviware.soapui.plugins.PluginLoader.loadPlugin(PluginLoader.java:54)
	at com.eviware.soapui.plugins.PluginManager.doInstallPlugin(PluginManager.java:141)
	at com.eviware.soapui.plugins.PluginManager.access$600(PluginManager.java:43)
	at com.eviware.soapui.plugins.PluginManager$LoadPluginsTask.computeSequentially(PluginManager.java:420)
	at com.eviware.soapui.plugins.PluginManager$LoadPluginsTask.compute(PluginManager.java:377)
	at com.eviware.soapui.plugins.PluginManager$LoadPluginsTask.compute(PluginManager.java:365)
	at java.util.concurrent.RecursiveTask.exec(RecursiveTask.java:94)
	at java.util.concurrent.ForkJoinTask.doExec(ForkJoinTask.java:289)
	at java.util.concurrent.ForkJoinPool$WorkQueue.runTask(ForkJoinPool.java:1056)
	at java.util.concurrent.ForkJoinPool.runWorker(ForkJoinPool.java:1692)
	at java.util.concurrent.ForkJoinWorkerThread.run(ForkJoinWorkerThread.java:157)
2020-06-22 17:39:01,025 INFO  [PluginManager] Adding plugin from [C:\Users\PoojaChintha\.soapuios\plugins\readyapi-postman-1.0.1.jar]
2020-06-22 17:39:01,928 ERROR [SoapUI] An error occurred [com.eviware.soapui.plugins.auto.factories.AutoImportMethodFactory], see error log for details
2020-06-22 17:39:01,929 ERROR [errorlog] java.lang.ClassNotFoundException: com.eviware.soapui.plugins.auto.factories.AutoImportMethodFactory
java.lang.ClassNotFoundException: com.eviware.soapui.plugins.auto.factories.AutoImportMethodFactory
	at org.codehaus.plexus.classworlds.strategy.SelfFirstStrategy.loadClass(SelfFirstStrategy.java:50)
	at org.codehaus.plexus.classworlds.realm.ClassRealm.unsynchronizedLoadClass(ClassRealm.java:271)
	at org.codehaus.plexus.classworlds.realm.ClassRealm.loadClass(ClassRealm.java:247)
	at org.codehaus.plexus.classworlds.realm.ClassRealm.loadClass(ClassRealm.java:239)
	at java.lang.Class.forName0(Native Method)
	at java.lang.Class.forName(Class.java:264)
	at com.eviware.soapui.plugins.LoaderBase.loadAutoFactories(LoaderBase.java:113)
	at com.eviware.soapui.plugins.LoaderBase.loadFactories(LoaderBase.java:80)
	at com.eviware.soapui.plugins.PluginLoader.loadPluginFactories(PluginLoader.java:141)
	at com.eviware.soapui.plugins.PluginLoader.loadPlugin(PluginLoader.java:104)
	at com.eviware.soapui.plugins.PluginLoader.loadPlugin(PluginLoader.java:54)
	at com.eviware.soapui.plugins.PluginManager.doInstallPlugin(PluginManager.java:141)
	at com.eviware.soapui.plugins.PluginManager.access$600(PluginManager.java:43)
	at com.eviware.soapui.plugins.PluginManager$LoadPluginsTask.computeSequentially(PluginManager.java:420)
	at com.eviware.soapui.plugins.PluginManager$LoadPluginsTask.compute(PluginManager.java:377)
	at com.eviware.soapui.plugins.PluginManager$LoadPluginsTask.compute(PluginManager.java:365)
	at java.util.concurrent.RecursiveTask.exec(RecursiveTask.java:94)
	at java.util.concurrent.ForkJoinTask.doExec(ForkJoinTask.java:289)
	at java.util.concurrent.ForkJoinPool$WorkQueue.runTask(ForkJoinPool.java:1056)
	at java.util.concurrent.ForkJoinPool.runWorker(ForkJoinPool.java:1692)
	at java.util.concurrent.ForkJoinWorkerThread.run(ForkJoinWorkerThread.java:157)
2020-06-22 17:39:02,023 ERROR [SoapUI] An error occurred [com.eviware.soapui.plugins.auto.factories.AutoImportMethodFactory], see error log for details
2020-06-22 17:39:02,024 ERROR [errorlog] java.lang.ClassNotFoundException: com.eviware.soapui.plugins.auto.factories.AutoImportMethodFactory
java.lang.ClassNotFoundException: com.eviware.soapui.plugins.auto.factories.AutoImportMethodFactory
	at org.codehaus.plexus.classworlds.strategy.SelfFirstStrategy.loadClass(SelfFirstStrategy.java:50)
	at org.codehaus.plexus.classworlds.realm.ClassRealm.unsynchronizedLoadClass(ClassRealm.java:271)
	at org.codehaus.plexus.classworlds.realm.ClassRealm.loadClass(ClassRealm.java:247)
	at org.codehaus.plexus.classworlds.realm.ClassRealm.loadClass(ClassRealm.java:239)
	at java.lang.Class.forName0(Native Method)
	at java.lang.Class.forName(Class.java:264)
	at com.eviware.soapui.plugins.LoaderBase.loadAutoFactories(LoaderBase.java:113)
	at com.eviware.soapui.plugins.LoaderBase.loadFactories(LoaderBase.java:80)
	at com.eviware.soapui.plugins.PluginLoader.loadPluginFactories(PluginLoader.java:141)
	at com.eviware.soapui.plugins.PluginLoader.loadPlugin(PluginLoader.java:104)
	at com.eviware.soapui.plugins.PluginLoader.loadPlugin(PluginLoader.java:54)
	at com.eviware.soapui.plugins.PluginManager.doInstallPlugin(PluginManager.java:141)
	at com.eviware.soapui.plugins.PluginManager.access$600(PluginManager.java:43)
	at com.eviware.soapui.plugins.PluginManager$LoadPluginsTask.computeSequentially(PluginManager.java:420)
	at com.eviware.soapui.plugins.PluginManager$LoadPluginsTask.compute(PluginManager.java:377)
	at com.eviware.soapui.plugins.PluginManager$LoadPluginsTask.compute(PluginManager.java:382)
	at com.eviware.soapui.plugins.PluginManager$LoadPluginsTask.compute(PluginManager.java:365)
	at java.util.concurrent.RecursiveTask.exec(RecursiveTask.java:94)
	at java.util.concurrent.ForkJoinTask.doExec(ForkJoinTask.java:289)
	at java.util.concurrent.ForkJoinPool$WorkQueue.runTask(ForkJoinPool.java:1056)
	at java.util.concurrent.ForkJoinPool.runWorker(ForkJoinPool.java:1692)
	at java.util.concurrent.ForkJoinWorkerThread.run(ForkJoinWorkerThread.java:157)
2020-06-22 17:39:02,060 ERROR [SoapUI] An error occurred [com.eviware.soapui.plugins.auto.factories.AutoDiscoveryMethodFactory], see error log for details
2020-06-22 17:39:02,066 ERROR [errorlog] java.lang.ClassNotFoundException: com.eviware.soapui.plugins.auto.factories.AutoDiscoveryMethodFactory
java.lang.ClassNotFoundException: com.eviware.soapui.plugins.auto.factories.AutoDiscoveryMethodFactory
	at org.codehaus.plexus.classworlds.strategy.SelfFirstStrategy.loadClass(SelfFirstStrategy.java:50)
	at org.codehaus.plexus.classworlds.realm.ClassRealm.unsynchronizedLoadClass(ClassRealm.java:271)
	at org.codehaus.plexus.classworlds.realm.ClassRealm.loadClass(ClassRealm.java:247)
	at org.codehaus.plexus.classworlds.realm.ClassRealm.loadClass(ClassRealm.java:239)
	at java.lang.Class.forName0(Native Method)
	at java.lang.Class.forName(Class.java:264)
	at com.eviware.soapui.plugins.LoaderBase.loadAutoFactories(LoaderBase.java:113)
	at com.eviware.soapui.plugins.LoaderBase.loadFactories(LoaderBase.java:80)
	at com.eviware.soapui.plugins.PluginLoader.loadPluginFactories(PluginLoader.java:141)
	at com.eviware.soapui.plugins.PluginLoader.loadPlugin(PluginLoader.java:104)
	at com.eviware.soapui.plugins.PluginLoader.loadPlugin(PluginLoader.java:54)
	at com.eviware.soapui.plugins.PluginManager.doInstallPlugin(PluginManager.java:141)
	at com.eviware.soapui.plugins.PluginManager.access$600(PluginManager.java:43)
	at com.eviware.soapui.plugins.PluginManager$LoadPluginsTask.computeSequentially(PluginManager.java:420)
	at com.eviware.soapui.plugins.PluginManager$LoadPluginsTask.compute(PluginManager.java:377)
	at com.eviware.soapui.plugins.PluginManager$LoadPluginsTask.compute(PluginManager.java:365)
	at java.util.concurrent.RecursiveTask.exec(RecursiveTask.java:94)
	at java.util.concurrent.ForkJoinTask.doExec(ForkJoinTask.java:289)
	at java.util.concurrent.ForkJoinPool$WorkQueue.runTask(ForkJoinPool.java:1056)
	at java.util.concurrent.ForkJoinPool.runWorker(ForkJoinPool.java:1692)
	at java.util.concurrent.ForkJoinWorkerThread.run(ForkJoinWorkerThread.java:157)
2020-06-22 17:39:02,198 ERROR [SoapUI] An error occurred [com.eviware.soapui.plugins.auto.factories.AutoDiscoveryMethodFactory], see error log for details
2020-06-22 17:39:02,199 ERROR [errorlog] java.lang.ClassNotFoundException: com.eviware.soapui.plugins.auto.factories.AutoDiscoveryMethodFactory
java.lang.ClassNotFoundException: com.eviware.soapui.plugins.auto.factories.AutoDiscoveryMethodFactory
	at org.codehaus.plexus.classworlds.strategy.SelfFirstStrategy.loadClass(SelfFirstStrategy.java:50)
	at org.codehaus.plexus.classworlds.realm.ClassRealm.unsynchronizedLoadClass(ClassRealm.java:271)
	at org.codehaus.plexus.classworlds.realm.ClassRealm.loadClass(ClassRealm.java:247)
	at org.codehaus.plexus.classworlds.realm.ClassRealm.loadClass(ClassRealm.java:239)
	at java.lang.Class.forName0(Native Method)
	at java.lang.Class.forName(Class.java:264)
	at com.eviware.soapui.plugins.LoaderBase.loadAutoFactories(LoaderBase.java:113)
	at com.eviware.soapui.plugins.LoaderBase.loadFactories(LoaderBase.java:80)
	at com.eviware.soapui.plugins.PluginLoader.loadPluginFactories(PluginLoader.java:141)
	at com.eviware.soapui.plugins.PluginLoader.loadPlugin(PluginLoader.java:104)
	at com.eviware.soapui.plugins.PluginLoader.loadPlugin(PluginLoader.java:54)
	at com.eviware.soapui.plugins.PluginManager.doInstallPlugin(PluginManager.java:141)
	at com.eviware.soapui.plugins.PluginManager.access$600(PluginManager.java:43)
	at com.eviware.soapui.plugins.PluginManager$LoadPluginsTask.computeSequentially(PluginManager.java:420)
	at com.eviware.soapui.plugins.PluginManager$LoadPluginsTask.compute(PluginManager.java:377)
	at com.eviware.soapui.plugins.PluginManager$LoadPluginsTask.compute(PluginManager.java:382)
	at com.eviware.soapui.plugins.PluginManager$LoadPluginsTask.compute(PluginManager.java:365)
	at java.util.concurrent.RecursiveTask.exec(RecursiveTask.java:94)
	at java.util.concurrent.ForkJoinTask.doExec(ForkJoinTask.java:289)
	at java.util.concurrent.ForkJoinPool$WorkQueue.runTask(ForkJoinPool.java:1056)
	at java.util.concurrent.ForkJoinPool.runWorker(ForkJoinPool.java:1692)
	at java.util.concurrent.ForkJoinWorkerThread.run(ForkJoinWorkerThread.java:157)
2020-06-22 17:39:02,506 INFO  [PluginManager] Adding plugin from [C:\Users\PoojaChintha\.soapuios\plugins\readyapi-swaggerhub-plugin-1.0.jar]
2020-06-22 17:39:03,090 ERROR [SoapUI] An error occurred [com.eviware.soapui.plugins.auto.factories.AutoImportMethodFactory], see error log for details
2020-06-22 17:39:03,091 ERROR [errorlog] java.lang.ClassNotFoundException: com.eviware.soapui.plugins.auto.factories.AutoImportMethodFactory
java.lang.ClassNotFoundException: com.eviware.soapui.plugins.auto.factories.AutoImportMethodFactory
	at org.codehaus.plexus.classworlds.strategy.SelfFirstStrategy.loadClass(SelfFirstStrategy.java:50)
	at org.codehaus.plexus.classworlds.realm.ClassRealm.unsynchronizedLoadClass(ClassRealm.java:271)
	at org.codehaus.plexus.classworlds.realm.ClassRealm.loadClass(ClassRealm.java:247)
	at org.codehaus.plexus.classworlds.realm.ClassRealm.loadClass(ClassRealm.java:239)
	at java.lang.Class.forName0(Native Method)
	at java.lang.Class.forName(Class.java:264)
	at com.eviware.soapui.plugins.LoaderBase.loadAutoFactories(LoaderBase.java:113)
	at com.eviware.soapui.plugins.LoaderBase.loadFactories(LoaderBase.java:80)
	at com.eviware.soapui.plugins.PluginLoader.loadPluginFactories(PluginLoader.java:141)
	at com.eviware.soapui.plugins.PluginLoader.loadPlugin(PluginLoader.java:104)
	at com.eviware.soapui.plugins.PluginLoader.loadPlugin(PluginLoader.java:54)
	at com.eviware.soapui.plugins.PluginManager.doInstallPlugin(PluginManager.java:141)
	at com.eviware.soapui.plugins.PluginManager.access$600(PluginManager.java:43)
	at com.eviware.soapui.plugins.PluginManager$LoadPluginsTask.computeSequentially(PluginManager.java:420)
	at com.eviware.soapui.plugins.PluginManager$LoadPluginsTask.compute(PluginManager.java:377)
	at com.eviware.soapui.plugins.PluginManager$LoadPluginsTask.compute(PluginManager.java:382)
	at com.eviware.soapui.plugins.PluginManager$LoadPluginsTask.compute(PluginManager.java:365)
	at java.util.concurrent.RecursiveTask.exec(RecursiveTask.java:94)
	at java.util.concurrent.ForkJoinTask.doExec(ForkJoinTask.java:289)
	at java.util.concurrent.ForkJoinPool$WorkQueue.runTask(ForkJoinPool.java:1056)
	at java.util.concurrent.ForkJoinPool.runWorker(ForkJoinPool.java:1692)
	at java.util.concurrent.ForkJoinWorkerThread.run(ForkJoinWorkerThread.java:157)
2020-06-22 17:39:03,206 ERROR [SoapUI] An error occurred [com.eviware.soapui.plugins.auto.factories.AutoDiscoveryMethodFactory], see error log for details
2020-06-22 17:39:03,207 ERROR [errorlog] java.lang.ClassNotFoundException: com.eviware.soapui.plugins.auto.factories.AutoDiscoveryMethodFactory
java.lang.ClassNotFoundException: com.eviware.soapui.plugins.auto.factories.AutoDiscoveryMethodFactory
	at org.codehaus.plexus.classworlds.strategy.SelfFirstStrategy.loadClass(SelfFirstStrategy.java:50)
	at org.codehaus.plexus.classworlds.realm.ClassRealm.unsynchronizedLoadClass(ClassRealm.java:271)
	at org.codehaus.plexus.classworlds.realm.ClassRealm.loadClass(ClassRealm.java:247)
	at org.codehaus.plexus.classworlds.realm.ClassRealm.loadClass(ClassRealm.java:239)
	at java.lang.Class.forName0(Native Method)
	at java.lang.Class.forName(Class.java:264)
	at com.eviware.soapui.plugins.LoaderBase.loadAutoFactories(LoaderBase.java:113)
	at com.eviware.soapui.plugins.LoaderBase.loadFactories(LoaderBase.java:80)
	at com.eviware.soapui.plugins.PluginLoader.loadPluginFactories(PluginLoader.java:141)
	at com.eviware.soapui.plugins.PluginLoader.loadPlugin(PluginLoader.java:104)
	at com.eviware.soapui.plugins.PluginLoader.loadPlugin(PluginLoader.java:54)
	at com.eviware.soapui.plugins.PluginManager.doInstallPlugin(PluginManager.java:141)
	at com.eviware.soapui.plugins.PluginManager.access$600(PluginManager.java:43)
	at com.eviware.soapui.plugins.PluginManager$LoadPluginsTask.computeSequentially(PluginManager.java:420)
	at com.eviware.soapui.plugins.PluginManager$LoadPluginsTask.compute(PluginManager.java:377)
	at com.eviware.soapui.plugins.PluginManager$LoadPluginsTask.compute(PluginManager.java:382)
	at com.eviware.soapui.plugins.PluginManager$LoadPluginsTask.compute(PluginManager.java:365)
	at java.util.concurrent.RecursiveTask.exec(RecursiveTask.java:94)
	at java.util.concurrent.ForkJoinTask.doExec(ForkJoinTask.java:289)
	at java.util.concurrent.ForkJoinPool$WorkQueue.runTask(ForkJoinPool.java:1056)
	at java.util.concurrent.ForkJoinPool.runWorker(ForkJoinPool.java:1692)
	at java.util.concurrent.ForkJoinWorkerThread.run(ForkJoinWorkerThread.java:157)
2020-06-22 17:39:03,335 INFO  [PluginManager] 5 plugins loaded in 4009 ms
2020-06-22 17:39:03,335 INFO  [DefaultSoapUICore] All plugins loaded
2020-06-22 17:39:04,938 INFO  [WsdlProject] Loaded project from [file:/C:/Users/PoojaChintha/Desktop/RESTProject/my-app/REST-Project-soapui-project.xml]
2020-06-22 17:39:04,964 INFO  [SoapUITestCaseRunner] Running SoapUI tests in project [REST Project]
2020-06-22 17:39:04,966 INFO  [SoapUITestCaseRunner] Running Project [REST Project], runType = SEQUENTIAL
2020-06-22 17:39:04,984 INFO  [SoapUITestCaseRunner] Running SoapUI testcase [AuthLogin]
2020-06-22 17:39:05,003 INFO  [SoapUITestCaseRunner] running step [Authorization]
2020-06-22 17:39:07,050 INFO  [log] 200
2020-06-22 17:39:07,083 INFO  [log] bearer fba106e5318123872ce886142ba8bdf8b9d40f20
2020-06-22 17:39:07,110 INFO  [SoapUITestCaseRunner] Assertion [Script Assertion] has status VALID
2020-06-22 17:39:07,111 INFO  [SoapUITestCaseRunner] running step [Login]
2020-06-22 17:39:07,435 INFO  [SoapUITestCaseRunner] Finished running SoapUI testcase [AuthLogin], time taken: 1682ms, status: FINISHED
2020-06-22 17:39:07,441 INFO  [SoapUITestCaseRunner] Running SoapUI testcase [Logout]
2020-06-22 17:39:07,442 INFO  [SoapUITestCaseRunner] running step [logout]
2020-06-22 17:39:07,788 INFO  [SoapUITestCaseRunner] Finished running SoapUI testcase [Logout], time taken: 323ms, status: FINISHED
2020-06-22 17:39:07,791 INFO  [SoapUITestCaseRunner] Running SoapUI testcase [TC01]
2020-06-22 17:39:07,792 INFO  [SoapUITestCaseRunner] running step [Token]
2020-06-22 17:39:08,147 INFO  [log] 200
2020-06-22 17:39:08,149 INFO  [log] bearer 2640b4bff8456b41cebcc48b341e6d438b82e2af
2020-06-22 17:39:08,151 INFO  [SoapUITestCaseRunner] Assertion [Valid HTTP Status Codes] has status VALID
2020-06-22 17:39:08,154 INFO  [SoapUITestCaseRunner] Assertion [Script Assertion 1] has status VALID
2020-06-22 17:39:08,155 INFO  [SoapUITestCaseRunner] Finished running SoapUI testcase [TC01], time taken: 308ms, status: FINISHED
2020-06-22 17:39:08,156 INFO  [SoapUITestCaseRunner] Running SoapUI testcase [TC02_dataDriven]
2020-06-22 17:39:08,156 INFO  [SoapUITestCaseRunner] running step [Groovy Script]
2020-06-22 17:39:08,451 INFO  [log] upskills_admin
2020-06-22 17:39:08,451 INFO  [log] Talent4$$
2020-06-22 17:39:08,461 INFO  [SoapUITestCaseRunner] Running SoapUI testcase [TC02]
2020-06-22 17:39:08,462 INFO  [SoapUITestCaseRunner] running step [Login]
2020-06-22 17:39:08,785 INFO  [log] 200
2020-06-22 17:39:08,785 INFO  [log] {"success":1,"error":[],"data":{"user_id":"1","user_group_id":"1","username":"upskills_admin","firstname":"John","lastname":"Doe","email":"probitstechnologies@gmail.com","image":"","ip":"106.0.36.4","status":"1","date_added":"2019-11-11 07:59:33","user_group":"Administrator"}}
2020-06-22 17:39:08,793 INFO  [log] upskills_admin
2020-06-22 17:39:08,793 INFO  [log] upskills_admin
2020-06-22 17:39:08,794 INFO  [SoapUITestCaseRunner] Assertion [Script Assertion 1] has status VALID
2020-06-22 17:39:08,795 INFO  [SoapUITestCaseRunner] running step [GetUser]
2020-06-22 17:39:09,269 INFO  [log] 200
2020-06-22 17:39:09,270 INFO  [log] {"success":1,"error":[],"data":{"user_id":"1","user_group_id":"1","username":"upskills_admin","firstname":"John","lastname":"Doe","email":"probitstechnologies@gmail.com","image":"","ip":"106.0.36.4","status":"1","date_added":"2019-11-11 07:59:33","user_group":"Administrator"}}
2020-06-22 17:39:09,277 INFO  [log] upskills_admin
2020-06-22 17:39:09,277 INFO  [log] upskills_admin
2020-06-22 17:39:09,278 INFO  [SoapUITestCaseRunner] Assertion [Script Assertion] has status VALID
2020-06-22 17:39:09,278 INFO  [SoapUITestCaseRunner] running step [Logout]
2020-06-22 17:39:09,609 INFO  [log] 200
2020-06-22 17:39:09,611 INFO  [log] {"success":1,"error":[],"data":[]}
2020-06-22 17:39:09,612 INFO  [log] 1
2020-06-22 17:39:09,615 INFO  [SoapUITestCaseRunner] Assertion [Script Assertion] has status VALID
2020-06-22 17:39:09,616 INFO  [SoapUITestCaseRunner] Finished running SoapUI testcase [TC02], time taken: 1044ms, status: FINISHED
2020-06-22 17:39:09,624 INFO  [log] Status : FINISHED, time taken for testcase is 1044 ms
2020-06-22 17:39:09,639 INFO  [log] number of tets steps executed are : 3
2020-06-22 17:39:09,639 INFO  [SoapUITestCaseRunner] Finished running SoapUI testcase [TC02_dataDriven], time taken: 1481ms, status: FINISHED
2020-06-22 17:39:09,649 INFO  [SoapUITestCaseRunner] Running SoapUI testcase [TC02]
2020-06-22 17:39:09,651 INFO  [SoapUITestCaseRunner] running step [Login]
2020-06-22 17:39:09,960 INFO  [log] 200
2020-06-22 17:39:09,960 INFO  [log] {"success":1,"error":[],"data":{"user_id":"1","user_group_id":"1","username":"upskills_admin","firstname":"John","lastname":"Doe","email":"probitstechnologies@gmail.com","image":"","ip":"106.0.36.4","status":"1","date_added":"2019-11-11 07:59:33","user_group":"Administrator"}}
2020-06-22 17:39:09,965 INFO  [log] upskills_admin
2020-06-22 17:39:09,966 INFO  [log] upskills_admin
2020-06-22 17:39:09,970 INFO  [SoapUITestCaseRunner] Assertion [Script Assertion 1] has status VALID
2020-06-22 17:39:09,971 INFO  [SoapUITestCaseRunner] running step [GetUser]
2020-06-22 17:39:10,282 INFO  [log] 200
2020-06-22 17:39:10,283 INFO  [log] {"success":1,"error":[],"data":{"user_id":"1","user_group_id":"1","username":"upskills_admin","firstname":"John","lastname":"Doe","email":"probitstechnologies@gmail.com","image":"","ip":"106.0.36.4","status":"1","date_added":"2019-11-11 07:59:33","user_group":"Administrator"}}
2020-06-22 17:39:10,290 INFO  [log] upskills_admin
2020-06-22 17:39:10,294 INFO  [log] upskills_admin
2020-06-22 17:39:10,295 INFO  [SoapUITestCaseRunner] Assertion [Script Assertion] has status VALID
2020-06-22 17:39:10,296 INFO  [SoapUITestCaseRunner] running step [Logout]
2020-06-22 17:39:10,608 INFO  [log] 200
2020-06-22 17:39:10,609 INFO  [log] {"success":1,"error":[],"data":[]}
2020-06-22 17:39:10,611 INFO  [log] 1
2020-06-22 17:39:10,613 INFO  [SoapUITestCaseRunner] Assertion [Script Assertion] has status VALID
2020-06-22 17:39:10,614 INFO  [SoapUITestCaseRunner] Finished running SoapUI testcase [TC02], time taken: 897ms, status: FINISHED
2020-06-22 17:39:10,630 INFO  [SoapUITestCaseRunner] Running SoapUI testcase [AuthLogin]
2020-06-22 17:39:10,630 INFO  [SoapUITestCaseRunner] running step [Authorization]
2020-06-22 17:39:10,955 INFO  [log] 200
2020-06-22 17:39:10,955 INFO  [log] bearer 54437686e98299898206363ca0be9f9ecf283dc3
2020-06-22 17:39:10,961 INFO  [SoapUITestCaseRunner] Assertion [Script Assertion] has status VALID
2020-06-22 17:39:10,962 INFO  [SoapUITestCaseRunner] running step [Login]
2020-06-22 17:39:11,285 INFO  [SoapUITestCaseRunner] Finished running SoapUI testcase [AuthLogin], time taken: 627ms, status: FINISHED
2020-06-22 17:39:11,286 INFO  [SoapUITestCaseRunner] Running SoapUI testcase [TC027_DataBase]
2020-06-22 17:39:11,287 INFO  [SoapUITestCaseRunner] running step [DataBaseScript]
2020-06-22 17:39:11,613 INFO  [SoapUITestCaseRunner] Running SoapUI testcase [AuthLogin]
2020-06-22 17:39:11,614 INFO  [SoapUITestCaseRunner] running step [Authorization]
2020-06-22 17:39:11,960 INFO  [log] 200
2020-06-22 17:39:11,961 INFO  [log] bearer c2f84d0e0f5ffdf74464611315b8928551671113
2020-06-22 17:39:11,962 INFO  [SoapUITestCaseRunner] Assertion [Script Assertion] has status VALID
2020-06-22 17:39:11,965 INFO  [SoapUITestCaseRunner] running step [Login]
2020-06-22 17:39:12,299 INFO  [SoapUITestCaseRunner] Finished running SoapUI testcase [AuthLogin], time taken: 661ms, status: FINISHED
2020-06-22 17:39:12,300 INFO  [SoapUITestCaseRunner] Running SoapUI testcase [TC027]
2020-06-22 17:39:12,301 INFO  [SoapUITestCaseRunner] running step [AddCategory]
2020-06-22 17:39:12,646 INFO  [log] []
2020-06-22 17:39:12,647 INFO  [SoapUITestCaseRunner] Assertion [Script Assertion] has status VALID
2020-06-22 17:39:12,648 INFO  [SoapUITestCaseRunner] running step [AddProduct]
2020-06-22 17:39:13,001 INFO  [log] 1504
2020-06-22 17:39:13,002 INFO  [SoapUITestCaseRunner] Assertion [Script Assertion] has status VALID
2020-06-22 17:39:13,003 INFO  [SoapUITestCaseRunner] running step [DeleteProductById]
2020-06-22 17:39:13,320 INFO  [SoapUITestCaseRunner] Assertion [Valid HTTP Status Codes] has status VALID
2020-06-22 17:39:13,320 INFO  [SoapUITestCaseRunner] running step [DeleteCategoryById]
2020-06-22 17:39:13,629 INFO  [SoapUITestCaseRunner] Assertion [Valid HTTP Status Codes] has status VALID
2020-06-22 17:39:13,629 INFO  [SoapUITestCaseRunner] Finished running SoapUI testcase [TC027], time taken: 1233ms, status: FINISHED
2020-06-22 17:39:13,631 INFO  [SoapUITestCaseRunner] Running SoapUI testcase [AuthLogin]
2020-06-22 17:39:13,631 INFO  [SoapUITestCaseRunner] running step [Authorization]
2020-06-22 17:39:13,943 INFO  [log] 200
2020-06-22 17:39:13,944 INFO  [log] bearer 2186afb691761cc89553e78705a42d180b7c6050
2020-06-22 17:39:13,945 INFO  [SoapUITestCaseRunner] Assertion [Script Assertion] has status VALID
2020-06-22 17:39:13,948 INFO  [SoapUITestCaseRunner] running step [Login]
2020-06-22 17:39:14,260 INFO  [SoapUITestCaseRunner] Finished running SoapUI testcase [AuthLogin], time taken: 604ms, status: FINISHED
2020-06-22 17:39:14,261 INFO  [SoapUITestCaseRunner] Running SoapUI testcase [TC027]
2020-06-22 17:39:14,262 INFO  [SoapUITestCaseRunner] running step [AddCategory]
2020-06-22 17:39:14,580 INFO  [log] []
2020-06-22 17:39:14,581 INFO  [SoapUITestCaseRunner] Assertion [Script Assertion] has status VALID
2020-06-22 17:39:14,582 INFO  [SoapUITestCaseRunner] running step [AddProduct]
2020-06-22 17:39:14,919 INFO  [log] 1505
2020-06-22 17:39:14,919 INFO  [SoapUITestCaseRunner] Assertion [Script Assertion] has status VALID
2020-06-22 17:39:14,921 INFO  [SoapUITestCaseRunner] running step [DeleteProductById]
2020-06-22 17:39:15,233 INFO  [SoapUITestCaseRunner] Assertion [Valid HTTP Status Codes] has status VALID
2020-06-22 17:39:15,234 INFO  [SoapUITestCaseRunner] running step [DeleteCategoryById]
2020-06-22 17:39:15,598 INFO  [SoapUITestCaseRunner] Assertion [Valid HTTP Status Codes] has status VALID
2020-06-22 17:39:15,599 INFO  [SoapUITestCaseRunner] Finished running SoapUI testcase [TC027], time taken: 1294ms, status: FINISHED
2020-06-22 17:39:15,619 INFO  [SoapUITestCaseRunner] Running SoapUI testcase [Logout]
2020-06-22 17:39:15,619 INFO  [SoapUITestCaseRunner] running step [logout]
2020-06-22 17:39:15,930 INFO  [SoapUITestCaseRunner] Finished running SoapUI testcase [Logout], time taken: 302ms, status: FINISHED
2020-06-22 17:39:15,931 INFO  [SoapUITestCaseRunner] Finished running SoapUI testcase [TC027_DataBase], time taken: 4316ms, status: FINISHED
2020-06-22 17:39:15,942 INFO  [SoapUITestCaseRunner] Running SoapUI testcase [AuthLogin]
2020-06-22 17:39:15,943 INFO  [SoapUITestCaseRunner] running step [Authorization]
2020-06-22 17:39:16,287 INFO  [log] 200
2020-06-22 17:39:16,289 INFO  [log] bearer ff9a3e3400e6297847d74b97711270a47a7fa9bf
2020-06-22 17:39:16,292 INFO  [SoapUITestCaseRunner] Assertion [Script Assertion] has status VALID
2020-06-22 17:39:16,293 INFO  [SoapUITestCaseRunner] running step [Login]
2020-06-22 17:39:16,610 INFO  [SoapUITestCaseRunner] Finished running SoapUI testcase [AuthLogin], time taken: 641ms, status: FINISHED
2020-06-22 17:39:16,610 INFO  [SoapUITestCaseRunner] Running SoapUI testcase [TC027]
2020-06-22 17:39:16,612 INFO  [SoapUITestCaseRunner] running step [AddCategory]
2020-06-22 17:39:17,354 INFO  [log] []
2020-06-22 17:39:17,356 INFO  [SoapUITestCaseRunner] Assertion [Script Assertion] has status VALID
2020-06-22 17:39:17,357 INFO  [SoapUITestCaseRunner] running step [AddProduct]
2020-06-22 17:39:17,664 INFO  [log] 1506
2020-06-22 17:39:17,664 INFO  [SoapUITestCaseRunner] Assertion [Script Assertion] has status VALID
2020-06-22 17:39:17,665 INFO  [SoapUITestCaseRunner] running step [DeleteProductById]
2020-06-22 17:39:17,969 INFO  [SoapUITestCaseRunner] Assertion [Valid HTTP Status Codes] has status VALID
2020-06-22 17:39:17,970 INFO  [SoapUITestCaseRunner] running step [DeleteCategoryById]
2020-06-22 17:39:18,275 INFO  [SoapUITestCaseRunner] Assertion [Valid HTTP Status Codes] has status VALID
2020-06-22 17:39:18,277 INFO  [SoapUITestCaseRunner] Finished running SoapUI testcase [TC027], time taken: 1625ms, status: FINISHED
2020-06-22 17:39:18,292 INFO  [SoapUITestCaseRunner] Running SoapUI testcase [AuthLogin]
2020-06-22 17:39:18,293 INFO  [SoapUITestCaseRunner] running step [Authorization]
2020-06-22 17:39:18,613 INFO  [log] 200
2020-06-22 17:39:18,614 INFO  [log] bearer a3f8008111752a15aeda9e942742f16bb0719e50
2020-06-22 17:39:18,616 INFO  [SoapUITestCaseRunner] Assertion [Script Assertion] has status VALID
2020-06-22 17:39:18,619 INFO  [SoapUITestCaseRunner] running step [Login]
2020-06-22 17:39:18,944 INFO  [SoapUITestCaseRunner] Finished running SoapUI testcase [AuthLogin], time taken: 625ms, status: FINISHED
2020-06-22 17:39:18,945 INFO  [SoapUITestCaseRunner] Running SoapUI testcase [TC28_29_DataDriven]
2020-06-22 17:39:18,946 INFO  [SoapUITestCaseRunner] running step [Exceldata driven]
2020-06-22 17:39:19,165 INFO  [log] pooja@xyz.com
2020-06-22 17:39:19,165 INFO  [log] Mobile
2020-06-22 17:39:19,177 INFO  [SoapUITestCaseRunner] Running SoapUI testcase [AuthLogin]
2020-06-22 17:39:19,177 INFO  [SoapUITestCaseRunner] running step [Authorization]
2020-06-22 17:39:19,488 INFO  [log] 200
2020-06-22 17:39:19,488 INFO  [log] bearer 649843550904ce37ff651ef4f8f1aba7337d68ed
2020-06-22 17:39:19,489 INFO  [SoapUITestCaseRunner] Assertion [Script Assertion] has status VALID
2020-06-22 17:39:19,490 INFO  [SoapUITestCaseRunner] running step [Login]
2020-06-22 17:39:19,794 INFO  [SoapUITestCaseRunner] Finished running SoapUI testcase [AuthLogin], time taken: 605ms, status: FINISHED
2020-06-22 17:39:19,795 INFO  [SoapUITestCaseRunner] Running SoapUI testcase [TC028_29]
2020-06-22 17:39:19,796 INFO  [SoapUITestCaseRunner] running step [AddCustomer]
2020-06-22 17:39:20,134 INFO  [log] 896
2020-06-22 17:39:20,134 INFO  [SoapUITestCaseRunner] Assertion [Script Assertion] has status VALID
2020-06-22 17:39:20,140 INFO  [SoapUITestCaseRunner] running step [AddProduct]
2020-06-22 17:39:20,467 INFO  [log] []
2020-06-22 17:39:20,467 INFO  [SoapUITestCaseRunner] Assertion [Script Assertion] has status VALID
2020-06-22 17:39:20,469 INFO  [SoapUITestCaseRunner] running step [Order]
2020-06-22 17:39:21,250 INFO  [log] 363
2020-06-22 17:39:21,251 INFO  [SoapUITestCaseRunner] Assertion [Script Assertion] has status VALID
2020-06-22 17:39:21,259 INFO  [SoapUITestCaseRunner] running step [Invoice]
2020-06-22 17:39:21,573 INFO  [SoapUITestCaseRunner] running step [DeleteProduct]
2020-06-22 17:39:21,575 ERROR [SoapUI] An error occurred [Illegal character in path at index 52: http://rest-api.upskills.in/api/rest_admin/products/[]], see error log for details
2020-06-22 17:39:21,579 ERROR [errorlog] java.net.URISyntaxException: Illegal character in path at index 52: http://rest-api.upskills.in/api/rest_admin/products/[]
java.net.URISyntaxException: Illegal character in path at index 52: http://rest-api.upskills.in/api/rest_admin/products/[]
	at java.net.URI$Parser.fail(URI.java:2848)
	at java.net.URI$Parser.checkChars(URI.java:3021)
	at java.net.URI$Parser.parseHierarchical(URI.java:3105)
	at java.net.URI$Parser.parse(URI.java:3053)
	at java.net.URI.<init>(URI.java:588)
	at org.apache.http.client.utils.URIUtils.createURI(URIUtils.java:106)
	at com.eviware.soapui.impl.wsdl.submit.filters.HttpRequestFilter.filterHttpRequest(HttpRequestFilter.java:219)
	at com.eviware.soapui.impl.wsdl.submit.filters.RestRequestFilter.filterRestRequest(RestRequestFilter.java:31)
	at com.eviware.soapui.impl.wsdl.submit.filters.AbstractRequestFilter.filterAbstractHttpRequest(AbstractRequestFilter.java:41)
	at com.eviware.soapui.impl.wsdl.submit.filters.AbstractRequestFilter.filterRequest(AbstractRequestFilter.java:33)
	at com.eviware.soapui.impl.wsdl.submit.transports.http.HttpClientRequestTransport.filterRequest(HttpClientRequestTransport.java:322)
	at com.eviware.soapui.impl.wsdl.submit.transports.http.HttpClientRequestTransport.sendRequest(HttpClientRequestTransport.java:184)
	at com.eviware.soapui.impl.wsdl.WsdlSubmit.run(WsdlSubmit.java:119)
	at com.eviware.soapui.impl.wsdl.WsdlSubmit.submitRequest(WsdlSubmit.java:79)
	at com.eviware.soapui.impl.rest.RestRequest.submit(RestRequest.java:192)
	at com.eviware.soapui.impl.wsdl.teststeps.RestTestRequestStep.run(RestTestRequestStep.java:794)
	at com.eviware.soapui.impl.wsdl.support.AbstractTestCaseRunner.runTestStep(AbstractTestCaseRunner.java:211)
	at com.eviware.soapui.impl.wsdl.testcase.WsdlTestCaseRunner.runCurrentTestStep(WsdlTestCaseRunner.java:47)
	at com.eviware.soapui.impl.wsdl.support.AbstractTestCaseRunner.internalRun(AbstractTestCaseRunner.java:138)
	at com.eviware.soapui.impl.wsdl.support.AbstractTestCaseRunner.internalRun(AbstractTestCaseRunner.java:46)
	at com.eviware.soapui.impl.wsdl.support.AbstractTestRunner.run(AbstractTestRunner.java:128)
	at com.eviware.soapui.impl.wsdl.support.AbstractTestRunner.start(AbstractTestRunner.java:76)
	at com.eviware.soapui.impl.wsdl.testcase.WsdlTestCase.run(WsdlTestCase.java:594)
	at com.eviware.soapui.impl.wsdl.testcase.WsdlTestCase.run(WsdlTestCase.java:78)
	at com.eviware.soapui.model.testsuite.TestCase$run$0.call(Unknown Source)
	at org.codehaus.groovy.runtime.callsite.CallSiteArray.defaultCall(CallSiteArray.java:48)
	at org.codehaus.groovy.runtime.callsite.AbstractCallSite.call(AbstractCallSite.java:113)
	at org.codehaus.groovy.runtime.callsite.AbstractCallSite.call(AbstractCallSite.java:133)
	at Script1.run(Script1.groovy:35)
	at com.eviware.soapui.support.scripting.groovy.SoapUIGroovyScriptEngine.run(SoapUIGroovyScriptEngine.java:90)
	at com.eviware.soapui.impl.wsdl.teststeps.WsdlGroovyScriptTestStep.run(WsdlGroovyScriptTestStep.java:141)
	at com.eviware.soapui.impl.wsdl.support.AbstractTestCaseRunner.runTestStep(AbstractTestCaseRunner.java:211)
	at com.eviware.soapui.impl.wsdl.testcase.WsdlTestCaseRunner.runCurrentTestStep(WsdlTestCaseRunner.java:47)
	at com.eviware.soapui.impl.wsdl.support.AbstractTestCaseRunner.internalRun(AbstractTestCaseRunner.java:138)
	at com.eviware.soapui.impl.wsdl.support.AbstractTestCaseRunner.internalRun(AbstractTestCaseRunner.java:46)
	at com.eviware.soapui.impl.wsdl.support.AbstractTestRunner.run(AbstractTestRunner.java:128)
	at java.util.concurrent.Executors$RunnableAdapter.call(Executors.java:511)
	at java.util.concurrent.FutureTask.run(FutureTask.java:266)
	at java.util.concurrent.ThreadPoolExecutor.runWorker(ThreadPoolExecutor.java:1149)
	at java.util.concurrent.ThreadPoolExecutor$Worker.run(ThreadPoolExecutor.java:624)
	at java.lang.Thread.run(Thread.java:748)
2020-06-22 17:39:22,544 INFO  [SoapUITestCaseRunner] running step [DeleteCustomer]
2020-06-22 17:39:23,062 INFO  [SoapUITestCaseRunner] Finished running SoapUI testcase [TC028_29], time taken: 2769ms, status: FINISHED
2020-06-22 17:39:23,064 INFO  [log] Status : FINISHED, time taken for testcase is 2769 ms
2020-06-22 17:39:23,065 INFO  [log] number of tets steps executed are : 6
2020-06-22 17:39:23,073 INFO  [log] xyz@gmail.com
2020-06-22 17:39:23,074 INFO  [log] tab
2020-06-22 17:39:23,075 INFO  [SoapUITestCaseRunner] Running SoapUI testcase [AuthLogin]
2020-06-22 17:39:23,078 INFO  [SoapUITestCaseRunner] running step [Authorization]
2020-06-22 17:39:23,577 INFO  [log] 200
2020-06-22 17:39:23,578 INFO  [log] bearer 673f029f8e1ba25dea57fd3b4e6cf7953333692d
2020-06-22 17:39:23,580 INFO  [SoapUITestCaseRunner] Assertion [Script Assertion] has status VALID
2020-06-22 17:39:23,583 INFO  [SoapUITestCaseRunner] running step [Login]
2020-06-22 17:39:23,881 INFO  [SoapUITestCaseRunner] Finished running SoapUI testcase [AuthLogin], time taken: 783ms, status: FINISHED
2020-06-22 17:39:23,881 INFO  [SoapUITestCaseRunner] Running SoapUI testcase [TC028_29]
2020-06-22 17:39:23,882 INFO  [SoapUITestCaseRunner] running step [AddCustomer]
2020-06-22 17:39:24,197 INFO  [log] 897
2020-06-22 17:39:24,198 INFO  [SoapUITestCaseRunner] Assertion [Script Assertion] has status VALID
2020-06-22 17:39:24,202 INFO  [SoapUITestCaseRunner] running step [AddProduct]
2020-06-22 17:39:24,519 INFO  [log] 1507
2020-06-22 17:39:24,520 INFO  [SoapUITestCaseRunner] Assertion [Script Assertion] has status VALID
2020-06-22 17:39:24,522 INFO  [SoapUITestCaseRunner] running step [Order]
2020-06-22 17:39:25,307 INFO  [log] 364
2020-06-22 17:39:25,307 INFO  [SoapUITestCaseRunner] Assertion [Script Assertion] has status VALID
2020-06-22 17:39:25,309 INFO  [SoapUITestCaseRunner] running step [Invoice]
2020-06-22 17:39:25,627 INFO  [SoapUITestCaseRunner] running step [DeleteProduct]
2020-06-22 17:39:25,939 INFO  [SoapUITestCaseRunner] running step [DeleteCustomer]
2020-06-22 17:39:26,240 INFO  [SoapUITestCaseRunner] Finished running SoapUI testcase [TC028_29], time taken: 2299ms, status: FINISHED
2020-06-22 17:39:26,241 INFO  [log] Status : FINISHED, time taken for testcase is 2299 ms
2020-06-22 17:39:26,242 INFO  [log] number of tets steps executed are : 6
2020-06-22 17:39:26,257 INFO  [SoapUITestCaseRunner] Running SoapUI testcase [Logout]
2020-06-22 17:39:26,257 INFO  [SoapUITestCaseRunner] running step [logout]
2020-06-22 17:39:26,564 INFO  [SoapUITestCaseRunner] Finished running SoapUI testcase [Logout], time taken: 299ms, status: FINISHED
2020-06-22 17:39:26,565 INFO  [SoapUITestCaseRunner] Finished running SoapUI testcase [TC28_29_DataDriven], time taken: 7295ms, status: FINISHED
2020-06-22 17:39:26,573 INFO  [SoapUITestCaseRunner] Running SoapUI testcase [AuthLogin]
2020-06-22 17:39:26,574 INFO  [SoapUITestCaseRunner] running step [Authorization]
2020-06-22 17:39:26,881 INFO  [log] 200
2020-06-22 17:39:26,881 INFO  [log] bearer c7e313c50b88a30d5afd3136d522ed0bb4ccefa0
2020-06-22 17:39:26,883 INFO  [SoapUITestCaseRunner] Assertion [Script Assertion] has status VALID
2020-06-22 17:39:26,885 INFO  [SoapUITestCaseRunner] running step [Login]
2020-06-22 17:39:27,184 INFO  [SoapUITestCaseRunner] Finished running SoapUI testcase [AuthLogin], time taken: 595ms, status: FINISHED
2020-06-22 17:39:27,185 INFO  [SoapUITestCaseRunner] Running SoapUI testcase [TC028_29]
2020-06-22 17:39:27,190 INFO  [SoapUITestCaseRunner] running step [AddCustomer]
2020-06-22 17:39:27,495 INFO  [log] 898
2020-06-22 17:39:27,495 INFO  [SoapUITestCaseRunner] Assertion [Script Assertion] has status VALID
2020-06-22 17:39:27,496 INFO  [SoapUITestCaseRunner] running step [AddProduct]
2020-06-22 17:39:27,804 INFO  [log] 1508
2020-06-22 17:39:27,805 INFO  [SoapUITestCaseRunner] Assertion [Script Assertion] has status VALID
2020-06-22 17:39:27,806 INFO  [SoapUITestCaseRunner] running step [Order]
2020-06-22 17:39:28,472 INFO  [log] 365
2020-06-22 17:39:28,475 INFO  [SoapUITestCaseRunner] Assertion [Script Assertion] has status VALID
2020-06-22 17:39:28,476 INFO  [SoapUITestCaseRunner] running step [Invoice]
2020-06-22 17:39:28,796 INFO  [SoapUITestCaseRunner] running step [DeleteProduct]
2020-06-22 17:39:29,103 INFO  [SoapUITestCaseRunner] running step [DeleteCustomer]
2020-06-22 17:39:29,411 INFO  [SoapUITestCaseRunner] Finished running SoapUI testcase [TC028_29], time taken: 2172ms, status: FINISHED
2020-06-22 17:39:29,413 INFO  [SoapUITestCaseRunner] Project [REST Project] finished with status [FINISHED] in 24440ms
2020-06-22 17:39:32,043 WARN  [Tools] Could not delete temporary directory C:\Users\POOJAC~1\AppData\Local\Temp\74d30f4b-2195-4e0d-879f-926388fb5781
2020-06-22 17:39:32,051 WARN  [Tools] Could not delete temporary directory C:\Users\POOJAC~1\AppData\Local\Temp\f8210097-17b9-498b-b65e-f869ba25a9ed
